2014/08/12 05:21:07 [error] [exception.CDbException] exception 'CDbException' with message 'CDbConnection failed to open the DB connection: SQLSTATE[HY000] [1045] Access denied for user 'root'@'localhost' (using password: YES)' in C:\xampp\htdocs\installyii\framework\db\CDbConnection.php:382
Stack trace:
#0 C:\xampp\htdocs\installyii\framework\db\CDbConnection.php(330): CDbConnection->open()
#1 C:\xampp\htdocs\installyii\framework\db\CDbConnection.php(308): CDbConnection->setActive(true)
#2 C:\xampp\htdocs\installyii\framework\base\CModule.php(387): CDbConnection->init()
#3 C:\xampp\htdocs\installyii\framework\base\CModule.php(103): CModule->getComponent('db')
#4 C:\xampp\htdocs\installyii\framework\gii\generators\model\ModelCode.php(60): CModule->__get('db')
#5 C:\xampp\htdocs\installyii\framework\web\CFormModel.php(39): ModelCode->init()
#6 C:\xampp\htdocs\installyii\framework\gii\CCodeGenerator.php(153): CFormModel->__construct()
#7 C:\xampp\htdocs\installyii\framework\gii\CCodeGenerator.php(63): CCodeGenerator->prepare()
#8 C:\xampp\htdocs\installyii\framework\web\actions\CInlineAction.php(49): CCodeGenerator->actionIndex()
#9 C:\xampp\htdocs\installyii\framework\web\CController.php(308): CInlineAction->runWithParams(Array)
#10 C:\xampp\htdocs\installyii\framework\web\CController.php(286): CController->runAction(Object(CInlineAction))
#11 C:\xampp\htdocs\installyii\framework\web\CController.php(265): CController->runActionWithFilters(Object(CInlineAction), Array)
#12 C:\xampp\htdocs\installyii\framework\web\CWebApplication.php(282): CController->run('index')
#13 C:\xampp\htdocs\installyii\framework\web\CWebApplication.php(141): CWebApplication->runController('gii/model/index')
#14 C:\xampp\htdocs\installyii\framework\base\CApplication.php(180): CWebApplication->processRequest()
#15 C:\xampp\htdocs\webpp\index.php(13): CApplication->run()
#16 {main}
REQUEST_URI=/webpp/index.php?r=gii/model/index
HTTP_REFERER=http://localhost/webpp/index.php?r=gii/default/index
---
2014/08/12 05:21:30 [error] [exception.CDbException] exception 'CDbException' with message 'CDbConnection failed to open the DB connection: SQLSTATE[HY000] [1045] Access denied for user 'root'@'localhost' (using password: YES)' in C:\xampp\htdocs\installyii\framework\db\CDbConnection.php:382
Stack trace:
#0 C:\xampp\htdocs\installyii\framework\db\CDbConnection.php(330): CDbConnection->open()
#1 C:\xampp\htdocs\installyii\framework\db\CDbConnection.php(308): CDbConnection->setActive(true)
#2 C:\xampp\htdocs\installyii\framework\base\CModule.php(387): CDbConnection->init()
#3 C:\xampp\htdocs\installyii\framework\base\CModule.php(103): CModule->getComponent('db')
#4 C:\xampp\htdocs\installyii\framework\gii\generators\model\ModelCode.php(60): CModule->__get('db')
#5 C:\xampp\htdocs\installyii\framework\web\CFormModel.php(39): ModelCode->init()
#6 C:\xampp\htdocs\installyii\framework\gii\CCodeGenerator.php(153): CFormModel->__construct()
#7 C:\xampp\htdocs\installyii\framework\gii\CCodeGenerator.php(63): CCodeGenerator->prepare()
#8 C:\xampp\htdocs\installyii\framework\web\actions\CInlineAction.php(49): CCodeGenerator->actionIndex()
#9 C:\xampp\htdocs\installyii\framework\web\CController.php(308): CInlineAction->runWithParams(Array)
#10 C:\xampp\htdocs\installyii\framework\web\CController.php(286): CController->runAction(Object(CInlineAction))
#11 C:\xampp\htdocs\installyii\framework\web\CController.php(265): CController->runActionWithFilters(Object(CInlineAction), Array)
#12 C:\xampp\htdocs\installyii\framework\web\CWebApplication.php(282): CController->run('index')
#13 C:\xampp\htdocs\installyii\framework\web\CWebApplication.php(141): CWebApplication->runController('gii/model/index')
#14 C:\xampp\htdocs\installyii\framework\base\CApplication.php(180): CWebApplication->processRequest()
#15 C:\xampp\htdocs\webpp\index.php(13): CApplication->run()
#16 {main}
REQUEST_URI=/webpp/index.php?r=gii/model/index
HTTP_REFERER=http://localhost/webpp/index.php?r=gii/default/index
---
2014/08/12 05:22:34 [error] [exception.CDbException] exception 'CDbException' with message 'CDbConnection failed to open the DB connection: SQLSTATE[HY000] [1045] Access denied for user 'root'@'localhost' (using password: YES)' in C:\xampp\htdocs\installyii\framework\db\CDbConnection.php:382
Stack trace:
#0 C:\xampp\htdocs\installyii\framework\db\CDbConnection.php(330): CDbConnection->open()
#1 C:\xampp\htdocs\installyii\framework\db\CDbConnection.php(308): CDbConnection->setActive(true)
#2 C:\xampp\htdocs\installyii\framework\base\CModule.php(387): CDbConnection->init()
#3 C:\xampp\htdocs\installyii\framework\base\CModule.php(103): CModule->getComponent('db')
#4 C:\xampp\htdocs\installyii\framework\gii\generators\model\ModelCode.php(60): CModule->__get('db')
#5 C:\xampp\htdocs\installyii\framework\web\CFormModel.php(39): ModelCode->init()
#6 C:\xampp\htdocs\installyii\framework\gii\CCodeGenerator.php(153): CFormModel->__construct()
#7 C:\xampp\htdocs\installyii\framework\gii\CCodeGenerator.php(63): CCodeGenerator->prepare()
#8 C:\xampp\htdocs\installyii\framework\web\actions\CInlineAction.php(49): CCodeGenerator->actionIndex()
#9 C:\xampp\htdocs\installyii\framework\web\CController.php(308): CInlineAction->runWithParams(Array)
#10 C:\xampp\htdocs\installyii\framework\web\CController.php(286): CController->runAction(Object(CInlineAction))
#11 C:\xampp\htdocs\installyii\framework\web\CController.php(265): CController->runActionWithFilters(Object(CInlineAction), Array)
#12 C:\xampp\htdocs\installyii\framework\web\CWebApplication.php(282): CController->run('index')
#13 C:\xampp\htdocs\installyii\framework\web\CWebApplication.php(141): CWebApplication->runController('gii/model/index')
#14 C:\xampp\htdocs\installyii\framework\base\CApplication.php(180): CWebApplication->processRequest()
#15 C:\xampp\htdocs\webpp\index.php(13): CApplication->run()
#16 {main}
REQUEST_URI=/webpp/index.php?r=gii/model/index
HTTP_REFERER=http://localhost/webpp/index.php?r=gii/default/index
---
2014/08/12 05:24:08 [error] [exception.CDbException] exception 'CDbException' with message 'CDbConnection failed to open the DB connection: SQLSTATE[HY000] [1045] Access denied for user 'root'@'localhost' (using password: YES)' in C:\xampp\htdocs\installyii\framework\db\CDbConnection.php:382
Stack trace:
#0 C:\xampp\htdocs\installyii\framework\db\CDbConnection.php(330): CDbConnection->open()
#1 C:\xampp\htdocs\installyii\framework\db\CDbConnection.php(308): CDbConnection->setActive(true)
#2 C:\xampp\htdocs\installyii\framework\base\CModule.php(387): CDbConnection->init()
#3 C:\xampp\htdocs\installyii\framework\base\CModule.php(103): CModule->getComponent('db')
#4 C:\xampp\htdocs\installyii\framework\gii\generators\model\ModelCode.php(60): CModule->__get('db')
#5 C:\xampp\htdocs\installyii\framework\web\CFormModel.php(39): ModelCode->init()
#6 C:\xampp\htdocs\installyii\framework\gii\CCodeGenerator.php(153): CFormModel->__construct()
#7 C:\xampp\htdocs\installyii\framework\gii\CCodeGenerator.php(63): CCodeGenerator->prepare()
#8 C:\xampp\htdocs\installyii\framework\web\actions\CInlineAction.php(49): CCodeGenerator->actionIndex()
#9 C:\xampp\htdocs\installyii\framework\web\CController.php(308): CInlineAction->runWithParams(Array)
#10 C:\xampp\htdocs\installyii\framework\web\CController.php(286): CController->runAction(Object(CInlineAction))
#11 C:\xampp\htdocs\installyii\framework\web\CController.php(265): CController->runActionWithFilters(Object(CInlineAction), Array)
#12 C:\xampp\htdocs\installyii\framework\web\CWebApplication.php(282): CController->run('index')
#13 C:\xampp\htdocs\installyii\framework\web\CWebApplication.php(141): CWebApplication->runController('gii/model/index')
#14 C:\xampp\htdocs\installyii\framework\base\CApplication.php(180): CWebApplication->processRequest()
#15 C:\xampp\htdocs\webpp\index.php(13): CApplication->run()
#16 {main}
REQUEST_URI=/webpp/index.php?r=gii/model/index
HTTP_REFERER=http://localhost/webpp/index.php?r=gii/default/index
---
2014/08/12 05:27:04 [error] [exception.CDbException] exception 'CDbException' with message 'CDbConnection failed to open the DB connection: SQLSTATE[HY000] [1045] Access denied for user 'admin'@'localhost' (using password: YES)' in C:\xampp\htdocs\installyii\framework\db\CDbConnection.php:382
Stack trace:
#0 C:\xampp\htdocs\installyii\framework\db\CDbConnection.php(330): CDbConnection->open()
#1 C:\xampp\htdocs\installyii\framework\db\CDbConnection.php(308): CDbConnection->setActive(true)
#2 C:\xampp\htdocs\installyii\framework\base\CModule.php(387): CDbConnection->init()
#3 C:\xampp\htdocs\installyii\framework\base\CModule.php(103): CModule->getComponent('db')
#4 C:\xampp\htdocs\installyii\framework\gii\generators\model\ModelCode.php(60): CModule->__get('db')
#5 C:\xampp\htdocs\installyii\framework\web\CFormModel.php(39): ModelCode->init()
#6 C:\xampp\htdocs\installyii\framework\gii\CCodeGenerator.php(153): CFormModel->__construct()
#7 C:\xampp\htdocs\installyii\framework\gii\CCodeGenerator.php(63): CCodeGenerator->prepare()
#8 C:\xampp\htdocs\installyii\framework\web\actions\CInlineAction.php(49): CCodeGenerator->actionIndex()
#9 C:\xampp\htdocs\installyii\framework\web\CController.php(308): CInlineAction->runWithParams(Array)
#10 C:\xampp\htdocs\installyii\framework\web\CController.php(286): CController->runAction(Object(CInlineAction))
#11 C:\xampp\htdocs\installyii\framework\web\CController.php(265): CController->runActionWithFilters(Object(CInlineAction), Array)
#12 C:\xampp\htdocs\installyii\framework\web\CWebApplication.php(282): CController->run('index')
#13 C:\xampp\htdocs\installyii\framework\web\CWebApplication.php(141): CWebApplication->runController('gii/model/index')
#14 C:\xampp\htdocs\installyii\framework\base\CApplication.php(180): CWebApplication->processRequest()
#15 C:\xampp\htdocs\webpp\index.php(13): CApplication->run()
#16 {main}
REQUEST_URI=/webpp/index.php?r=gii/model/index
HTTP_REFERER=http://localhost/webpp/index.php?r=gii/default/index
---
2014/08/12 05:31:09 [error] [exception.CDbException] exception 'CDbException' with message 'CDbConnection failed to open the DB connection: SQLSTATE[HY000] [1045] Access denied for user 'root'@'localhost' (using password: YES)' in C:\xampp\htdocs\installyii\framework\db\CDbConnection.php:382
Stack trace:
#0 C:\xampp\htdocs\installyii\framework\db\CDbConnection.php(330): CDbConnection->open()
#1 C:\xampp\htdocs\installyii\framework\db\CDbConnection.php(308): CDbConnection->setActive(true)
#2 C:\xampp\htdocs\installyii\framework\base\CModule.php(387): CDbConnection->init()
#3 C:\xampp\htdocs\installyii\framework\base\CModule.php(103): CModule->getComponent('db')
#4 C:\xampp\htdocs\installyii\framework\gii\generators\model\ModelCode.php(60): CModule->__get('db')
#5 C:\xampp\htdocs\installyii\framework\web\CFormModel.php(39): ModelCode->init()
#6 C:\xampp\htdocs\installyii\framework\gii\CCodeGenerator.php(153): CFormModel->__construct()
#7 C:\xampp\htdocs\installyii\framework\gii\CCodeGenerator.php(63): CCodeGenerator->prepare()
#8 C:\xampp\htdocs\installyii\framework\web\actions\CInlineAction.php(49): CCodeGenerator->actionIndex()
#9 C:\xampp\htdocs\installyii\framework\web\CController.php(308): CInlineAction->runWithParams(Array)
#10 C:\xampp\htdocs\installyii\framework\web\CController.php(286): CController->runAction(Object(CInlineAction))
#11 C:\xampp\htdocs\installyii\framework\web\CController.php(265): CController->runActionWithFilters(Object(CInlineAction), Array)
#12 C:\xampp\htdocs\installyii\framework\web\CWebApplication.php(282): CController->run('index')
#13 C:\xampp\htdocs\installyii\framework\web\CWebApplication.php(141): CWebApplication->runController('gii/model/index')
#14 C:\xampp\htdocs\installyii\framework\base\CApplication.php(180): CWebApplication->processRequest()
#15 C:\xampp\htdocs\webpp\index.php(13): CApplication->run()
#16 {main}
REQUEST_URI=/webpp/index.php?r=gii/model/index
HTTP_REFERER=http://localhost/webpp/index.php?r=gii/default/index
---
2014/08/12 05:57:05 [error] [system.db.CDbCommand] CDbCommand::execute() failed: SQLSTATE[23000]: Integrity constraint violation: 1452 Cannot add or update a child row: a foreign key constraint fails (`webpp`.`news`, CONSTRAINT `news_ibfk_1` FOREIGN KEY (`id_admin`) REFERENCES `admin` (`id`) ON DELETE CASCADE ON UPDATE CASCADE). The SQL statement executed was: INSERT INTO `news` (`id`, `id_admin`, `judul`, `isi_berita`, `penulis`) VALUES (:yp0, :yp1, :yp2, :yp3, :yp4).
in C:\xampp\htdocs\webpp\protected\controllers\NewsController.php (73)
in C:\xampp\htdocs\webpp\index.php (13)
2014/08/12 05:57:05 [error] [exception.CDbException] exception 'CDbException' with message 'CDbCommand failed to execute the SQL statement: SQLSTATE[23000]: Integrity constraint violation: 1452 Cannot add or update a child row: a foreign key constraint fails (`webpp`.`news`, CONSTRAINT `news_ibfk_1` FOREIGN KEY (`id_admin`) REFERENCES `admin` (`id`) ON DELETE CASCADE ON UPDATE CASCADE). The SQL statement executed was: INSERT INTO `news` (`id`, `id_admin`, `judul`, `isi_berita`, `penulis`) VALUES (:yp0, :yp1, :yp2, :yp3, :yp4)' in C:\xampp\htdocs\installyii\framework\db\CDbCommand.php:358
Stack trace:
#0 C:\xampp\htdocs\installyii\framework\db\ar\CActiveRecord.php(1077): CDbCommand->execute()
#1 C:\xampp\htdocs\installyii\framework\db\ar\CActiveRecord.php(806): CActiveRecord->insert(NULL)
#2 C:\xampp\htdocs\webpp\protected\controllers\NewsController.php(73): CActiveRecord->save()
#3 C:\xampp\htdocs\installyii\framework\web\actions\CInlineAction.php(49): NewsController->actionCreate()
#4 C:\xampp\htdocs\installyii\framework\web\CController.php(308): CInlineAction->runWithParams(Array)
#5 C:\xampp\htdocs\installyii\framework\web\filters\CFilterChain.php(133): CController->runAction(Object(CInlineAction))
#6 C:\xampp\htdocs\installyii\framework\web\filters\CFilter.php(40): CFilterChain->run()
#7 C:\xampp\htdocs\installyii\framework\web\CController.php(1145): CFilter->filter(Object(CFilterChain))
#8 C:\xampp\htdocs\installyii\framework\web\filters\CInlineFilter.php(58): CController->filterAccessControl(Object(CFilterChain))
#9 C:\xampp\htdocs\installyii\framework\web\filters\CFilterChain.php(130): CInlineFilter->filter(Object(CFilterChain))
#10 C:\xampp\htdocs\installyii\framework\web\CController.php(291): CFilterChain->run()
#11 C:\xampp\htdocs\installyii\framework\web\CController.php(265): CController->runActionWithFilters(Object(CInlineAction), Array)
#12 C:\xampp\htdocs\installyii\framework\web\CWebApplication.php(282): CController->run('create')
#13 C:\xampp\htdocs\installyii\framework\web\CWebApplication.php(141): CWebApplication->runController('news/create')
#14 C:\xampp\htdocs\installyii\framework\base\CApplication.php(180): CWebApplication->processRequest()
#15 C:\xampp\htdocs\webpp\index.php(13): CApplication->run()
#16 {main}
REQUEST_URI=/webpp/index.php?r=news/create
HTTP_REFERER=http://localhost/webpp/index.php?r=news/create
---
2014/08/12 06:25:30 [error] [system.db.CDbCommand] CDbCommand::execute() failed: SQLSTATE[23000]: Integrity constraint violation: 1452 Cannot add or update a child row: a foreign key constraint fails (`webpp`.`news`, CONSTRAINT `news_ibfk_1` FOREIGN KEY (`id_admin`) REFERENCES `admin` (`id`) ON DELETE CASCADE ON UPDATE CASCADE). The SQL statement executed was: INSERT INTO `news` (`judul`, `isi_berita`, `penulis`) VALUES (:yp0, :yp1, :yp2).
in C:\xampp\htdocs\webpp\protected\controllers\NewsController.php (73)
in C:\xampp\htdocs\webpp\index.php (13)
2014/08/12 06:25:30 [error] [exception.CDbException] exception 'CDbException' with message 'CDbCommand failed to execute the SQL statement: SQLSTATE[23000]: Integrity constraint violation: 1452 Cannot add or update a child row: a foreign key constraint fails (`webpp`.`news`, CONSTRAINT `news_ibfk_1` FOREIGN KEY (`id_admin`) REFERENCES `admin` (`id`) ON DELETE CASCADE ON UPDATE CASCADE). The SQL statement executed was: INSERT INTO `news` (`judul`, `isi_berita`, `penulis`) VALUES (:yp0, :yp1, :yp2)' in C:\xampp\htdocs\installyii\framework\db\CDbCommand.php:358
Stack trace:
#0 C:\xampp\htdocs\installyii\framework\db\ar\CActiveRecord.php(1077): CDbCommand->execute()
#1 C:\xampp\htdocs\installyii\framework\db\ar\CActiveRecord.php(806): CActiveRecord->insert(NULL)
#2 C:\xampp\htdocs\webpp\protected\controllers\NewsController.php(73): CActiveRecord->save()
#3 C:\xampp\htdocs\installyii\framework\web\actions\CInlineAction.php(49): NewsController->actionCreate()
#4 C:\xampp\htdocs\installyii\framework\web\CController.php(308): CInlineAction->runWithParams(Array)
#5 C:\xampp\htdocs\installyii\framework\web\filters\CFilterChain.php(133): CController->runAction(Object(CInlineAction))
#6 C:\xampp\htdocs\installyii\framework\web\filters\CFilter.php(40): CFilterChain->run()
#7 C:\xampp\htdocs\installyii\framework\web\CController.php(1145): CFilter->filter(Object(CFilterChain))
#8 C:\xampp\htdocs\installyii\framework\web\filters\CInlineFilter.php(58): CController->filterAccessControl(Object(CFilterChain))
#9 C:\xampp\htdocs\installyii\framework\web\filters\CFilterChain.php(130): CInlineFilter->filter(Object(CFilterChain))
#10 C:\xampp\htdocs\installyii\framework\web\CController.php(291): CFilterChain->run()
#11 C:\xampp\htdocs\installyii\framework\web\CController.php(265): CController->runActionWithFilters(Object(CInlineAction), Array)
#12 C:\xampp\htdocs\installyii\framework\web\CWebApplication.php(282): CController->run('create')
#13 C:\xampp\htdocs\installyii\framework\web\CWebApplication.php(141): CWebApplication->runController('news/create')
#14 C:\xampp\htdocs\installyii\framework\base\CApplication.php(180): CWebApplication->processRequest()
#15 C:\xampp\htdocs\webpp\index.php(13): CApplication->run()
#16 {main}
REQUEST_URI=/webpp/index.php?r=news/create
HTTP_REFERER=http://localhost/webpp/index.php?r=news/create
---
2014/08/12 06:25:38 [error] [system.db.CDbCommand] CDbCommand::execute() failed: SQLSTATE[23000]: Integrity constraint violation: 1452 Cannot add or update a child row: a foreign key constraint fails (`webpp`.`news`, CONSTRAINT `news_ibfk_1` FOREIGN KEY (`id_admin`) REFERENCES `admin` (`id`) ON DELETE CASCADE ON UPDATE CASCADE). The SQL statement executed was: INSERT INTO `news` (`judul`, `isi_berita`, `penulis`) VALUES (:yp0, :yp1, :yp2).
in C:\xampp\htdocs\webpp\protected\controllers\NewsController.php (73)
in C:\xampp\htdocs\webpp\index.php (13)
2014/08/12 06:25:38 [error] [exception.CDbException] exception 'CDbException' with message 'CDbCommand failed to execute the SQL statement: SQLSTATE[23000]: Integrity constraint violation: 1452 Cannot add or update a child row: a foreign key constraint fails (`webpp`.`news`, CONSTRAINT `news_ibfk_1` FOREIGN KEY (`id_admin`) REFERENCES `admin` (`id`) ON DELETE CASCADE ON UPDATE CASCADE). The SQL statement executed was: INSERT INTO `news` (`judul`, `isi_berita`, `penulis`) VALUES (:yp0, :yp1, :yp2)' in C:\xampp\htdocs\installyii\framework\db\CDbCommand.php:358
Stack trace:
#0 C:\xampp\htdocs\installyii\framework\db\ar\CActiveRecord.php(1077): CDbCommand->execute()
#1 C:\xampp\htdocs\installyii\framework\db\ar\CActiveRecord.php(806): CActiveRecord->insert(NULL)
#2 C:\xampp\htdocs\webpp\protected\controllers\NewsController.php(73): CActiveRecord->save()
#3 C:\xampp\htdocs\installyii\framework\web\actions\CInlineAction.php(49): NewsController->actionCreate()
#4 C:\xampp\htdocs\installyii\framework\web\CController.php(308): CInlineAction->runWithParams(Array)
#5 C:\xampp\htdocs\installyii\framework\web\filters\CFilterChain.php(133): CController->runAction(Object(CInlineAction))
#6 C:\xampp\htdocs\installyii\framework\web\filters\CFilter.php(40): CFilterChain->run()
#7 C:\xampp\htdocs\installyii\framework\web\CController.php(1145): CFilter->filter(Object(CFilterChain))
#8 C:\xampp\htdocs\installyii\framework\web\filters\CInlineFilter.php(58): CController->filterAccessControl(Object(CFilterChain))
#9 C:\xampp\htdocs\installyii\framework\web\filters\CFilterChain.php(130): CInlineFilter->filter(Object(CFilterChain))
#10 C:\xampp\htdocs\installyii\framework\web\CController.php(291): CFilterChain->run()
#11 C:\xampp\htdocs\installyii\framework\web\CController.php(265): CController->runActionWithFilters(Object(CInlineAction), Array)
#12 C:\xampp\htdocs\installyii\framework\web\CWebApplication.php(282): CController->run('create')
#13 C:\xampp\htdocs\installyii\framework\web\CWebApplication.php(141): CWebApplication->runController('news/create')
#14 C:\xampp\htdocs\installyii\framework\base\CApplication.php(180): CWebApplication->processRequest()
#15 C:\xampp\htdocs\webpp\index.php(13): CApplication->run()
#16 {main}
REQUEST_URI=/webpp/index.php?r=news/create
HTTP_REFERER=http://localhost/webpp/index.php?r=news/create
---
2014/08/12 11:05:14 [error] [exception.CHttpException.404] exception 'CHttpException' with message 'Unable to resolve the request "layouts/index".' in C:\xampp\htdocs\installyii\framework\web\CWebApplication.php:286
Stack trace:
#0 C:\xampp\htdocs\installyii\framework\web\CWebApplication.php(141): CWebApplication->runController('layouts/index')
#1 C:\xampp\htdocs\installyii\framework\base\CApplication.php(180): CWebApplication->processRequest()
#2 C:\xampp\htdocs\webpp\index.php(13): CApplication->run()
#3 {main}
REQUEST_URI=/webpp/index.php?r=layouts/index
HTTP_REFERER=http://localhost/webpp/index.php?r=news/index
---
2014/08/12 11:11:02 [error] [exception.CHttpException.404] exception 'CHttpException' with message 'Unable to resolve the request "layouts/index".' in C:\xampp\htdocs\installyii\framework\web\CWebApplication.php:286
Stack trace:
#0 C:\xampp\htdocs\installyii\framework\web\CWebApplication.php(141): CWebApplication->runController('layouts/index')
#1 C:\xampp\htdocs\installyii\framework\base\CApplication.php(180): CWebApplication->processRequest()
#2 C:\xampp\htdocs\webpp\index.php(13): CApplication->run()
#3 {main}
REQUEST_URI=/webpp/index.php?r=layouts/index
HTTP_REFERER=http://localhost/webpp/index.php?r=news/index
---
2014/08/12 11:12:04 [error] [exception.CHttpException.404] exception 'CHttpException' with message 'Unable to resolve the request "layouts/index".' in C:\xampp\htdocs\installyii\framework\web\CWebApplication.php:286
Stack trace:
#0 C:\xampp\htdocs\installyii\framework\web\CWebApplication.php(141): CWebApplication->runController('layouts/index')
#1 C:\xampp\htdocs\installyii\framework\base\CApplication.php(180): CWebApplication->processRequest()
#2 C:\xampp\htdocs\webpp\index.php(13): CApplication->run()
#3 {main}
REQUEST_URI=/webpp/index.php?r=layouts/index
HTTP_REFERER=http://localhost/webpp/index.php?r=news/index
---
2014/08/12 11:17:10 [error] [php] Undefined variable: isController (C:\xampp\htdocs\webpp\protected\views\layouts\_header.php:46)
Stack trace:
#0 C:\xampp\htdocs\installyii\framework\web\CController.php(869): SiteController->renderFile()
#1 C:\xampp\htdocs\webpp\protected\views\layouts\main.php(2): SiteController->renderPartial()
#2 C:\xampp\htdocs\installyii\framework\web\CBaseController.php(126): require()
#3 C:\xampp\htdocs\installyii\framework\web\CBaseController.php(95): SiteController->renderInternal()
#4 C:\xampp\htdocs\installyii\framework\web\widgets\CContentDecorator.php(76): SiteController->renderFile()
#5 C:\xampp\htdocs\installyii\framework\web\widgets\CContentDecorator.php(54): CContentDecorator->decorate()
#6 C:\xampp\htdocs\installyii\framework\web\widgets\COutputProcessor.php(44): CContentDecorator->processOutput()
#7 C:\xampp\htdocs\installyii\framework\web\CBaseController.php(206): CContentDecorator->run()
#8 C:\xampp\htdocs\installyii\framework\web\CBaseController.php(300): SiteController->endWidget()
#9 C:\xampp\htdocs\webpp\protected\views\layouts\column1.php(6): SiteController->endContent()
#10 C:\xampp\htdocs\installyii\framework\web\CBaseController.php(126): require()
#11 C:\xampp\htdocs\installyii\framework\web\CBaseController.php(95): SiteController->renderInternal()
#12 C:\xampp\htdocs\installyii\framework\web\CController.php(784): SiteController->renderFile()
#13 C:\xampp\htdocs\webpp\protected\controllers\SiteController.php(32): SiteController->render()
#14 C:\xampp\htdocs\installyii\framework\web\actions\CInlineAction.php(49): SiteController->actionIndex()
#15 C:\xampp\htdocs\installyii\framework\web\CController.php(308): CInlineAction->runWithParams()
#16 C:\xampp\htdocs\installyii\framework\web\CController.php(286): SiteController->runAction()
#17 C:\xampp\htdocs\installyii\framework\web\CController.php(265): SiteController->runActionWithFilters()
#18 C:\xampp\htdocs\installyii\framework\web\CWebApplication.php(282): SiteController->run()
#19 C:\xampp\htdocs\installyii\framework\web\CWebApplication.php(141): CWebApplication->runController()
#20 C:\xampp\htdocs\installyii\framework\base\CApplication.php(180): CWebApplication->processRequest()
#21 C:\xampp\htdocs\webpp\index.php(13): CWebApplication->run()
REQUEST_URI=/webpp/index.php?r=site/index
in C:\xampp\htdocs\webpp\protected\views\layouts\_header.php (46)
in C:\xampp\htdocs\webpp\protected\views\layouts\main.php (2)
in C:\xampp\htdocs\webpp\protected\views\layouts\column1.php (6)
2014/08/12 11:19:28 [error] [php] Undefined variable: isController (C:\xampp\htdocs\webpp\protected\views\layouts\_header.php:46)
Stack trace:
#0 C:\xampp\htdocs\installyii\framework\web\CController.php(869): SiteController->renderFile()
#1 C:\xampp\htdocs\webpp\protected\views\layouts\main.php(2): SiteController->renderPartial()
#2 C:\xampp\htdocs\installyii\framework\web\CBaseController.php(126): require()
#3 C:\xampp\htdocs\installyii\framework\web\CBaseController.php(95): SiteController->renderInternal()
#4 C:\xampp\htdocs\installyii\framework\web\widgets\CContentDecorator.php(76): SiteController->renderFile()
#5 C:\xampp\htdocs\installyii\framework\web\widgets\CContentDecorator.php(54): CContentDecorator->decorate()
#6 C:\xampp\htdocs\installyii\framework\web\widgets\COutputProcessor.php(44): CContentDecorator->processOutput()
#7 C:\xampp\htdocs\installyii\framework\web\CBaseController.php(206): CContentDecorator->run()
#8 C:\xampp\htdocs\installyii\framework\web\CBaseController.php(300): SiteController->endWidget()
#9 C:\xampp\htdocs\webpp\protected\views\layouts\column1.php(6): SiteController->endContent()
#10 C:\xampp\htdocs\installyii\framework\web\CBaseController.php(126): require()
#11 C:\xampp\htdocs\installyii\framework\web\CBaseController.php(95): SiteController->renderInternal()
#12 C:\xampp\htdocs\installyii\framework\web\CController.php(784): SiteController->renderFile()
#13 C:\xampp\htdocs\webpp\protected\controllers\SiteController.php(32): SiteController->render()
#14 C:\xampp\htdocs\installyii\framework\web\actions\CInlineAction.php(49): SiteController->actionIndex()
#15 C:\xampp\htdocs\installyii\framework\web\CController.php(308): CInlineAction->runWithParams()
#16 C:\xampp\htdocs\installyii\framework\web\CController.php(286): SiteController->runAction()
#17 C:\xampp\htdocs\installyii\framework\web\CController.php(265): SiteController->runActionWithFilters()
#18 C:\xampp\htdocs\installyii\framework\web\CWebApplication.php(282): SiteController->run()
#19 C:\xampp\htdocs\installyii\framework\web\CWebApplication.php(141): CWebApplication->runController()
#20 C:\xampp\htdocs\installyii\framework\base\CApplication.php(180): CWebApplication->processRequest()
#21 C:\xampp\htdocs\webpp\index.php(13): CWebApplication->run()
REQUEST_URI=/webpp/index.php?r=site/index
in C:\xampp\htdocs\webpp\protected\views\layouts\_header.php (46)
in C:\xampp\htdocs\webpp\protected\views\layouts\main.php (2)
in C:\xampp\htdocs\webpp\protected\views\layouts\column1.php (6)
2014/08/13 05:59:40 [error] [system.db.CDbCommand] CDbCommand::execute() failed: SQLSTATE[23000]: Integrity constraint violation: 1062 Duplicate entry '1' for key 'id_admin'. The SQL statement executed was: INSERT INTO `news` (`id`, `id_admin`, `judul`, `isi_berita`, `penulis`) VALUES (:yp0, :yp1, :yp2, :yp3, :yp4).
in C:\xampp\htdocs\webpp\protected\controllers\NewsController.php (73)
in C:\xampp\htdocs\webpp\index.php (13)
2014/08/13 05:59:40 [error] [exception.CDbException] exception 'CDbException' with message 'CDbCommand failed to execute the SQL statement: SQLSTATE[23000]: Integrity constraint violation: 1062 Duplicate entry '1' for key 'id_admin'. The SQL statement executed was: INSERT INTO `news` (`id`, `id_admin`, `judul`, `isi_berita`, `penulis`) VALUES (:yp0, :yp1, :yp2, :yp3, :yp4)' in C:\xampp\htdocs\installyii\framework\db\CDbCommand.php:358
Stack trace:
#0 C:\xampp\htdocs\installyii\framework\db\ar\CActiveRecord.php(1077): CDbCommand->execute()
#1 C:\xampp\htdocs\installyii\framework\db\ar\CActiveRecord.php(806): CActiveRecord->insert(NULL)
#2 C:\xampp\htdocs\webpp\protected\controllers\NewsController.php(73): CActiveRecord->save()
#3 C:\xampp\htdocs\installyii\framework\web\actions\CInlineAction.php(49): NewsController->actionCreate()
#4 C:\xampp\htdocs\installyii\framework\web\CController.php(308): CInlineAction->runWithParams(Array)
#5 C:\xampp\htdocs\installyii\framework\web\filters\CFilterChain.php(133): CController->runAction(Object(CInlineAction))
#6 C:\xampp\htdocs\installyii\framework\web\filters\CFilter.php(40): CFilterChain->run()
#7 C:\xampp\htdocs\installyii\framework\web\CController.php(1145): CFilter->filter(Object(CFilterChain))
#8 C:\xampp\htdocs\installyii\framework\web\filters\CInlineFilter.php(58): CController->filterAccessControl(Object(CFilterChain))
#9 C:\xampp\htdocs\installyii\framework\web\filters\CFilterChain.php(130): CInlineFilter->filter(Object(CFilterChain))
#10 C:\xampp\htdocs\installyii\framework\web\CController.php(291): CFilterChain->run()
#11 C:\xampp\htdocs\installyii\framework\web\CController.php(265): CController->runActionWithFilters(Object(CInlineAction), Array)
#12 C:\xampp\htdocs\installyii\framework\web\CWebApplication.php(282): CController->run('create')
#13 C:\xampp\htdocs\installyii\framework\web\CWebApplication.php(141): CWebApplication->runController('news/create')
#14 C:\xampp\htdocs\installyii\framework\base\CApplication.php(180): CWebApplication->processRequest()
#15 C:\xampp\htdocs\webpp\index.php(13): CApplication->run()
#16 {main}
REQUEST_URI=/webpp/index.php?r=news/create
HTTP_REFERER=http://localhost/webpp/index.php?r=news/create
---
2014/08/13 06:01:15 [error] [system.db.CDbCommand] CDbCommand::execute() failed: SQLSTATE[23000]: Integrity constraint violation: 1452 Cannot add or update a child row: a foreign key constraint fails (`webpp`.`news`, CONSTRAINT `news_ibfk_1` FOREIGN KEY (`id_admin`) REFERENCES `admin` (`id`) ON DELETE CASCADE ON UPDATE CASCADE). The SQL statement executed was: INSERT INTO `news` (`id`, `id_admin`, `judul`, `isi_berita`, `penulis`) VALUES (:yp0, :yp1, :yp2, :yp3, :yp4).
in C:\xampp\htdocs\webpp\protected\controllers\NewsController.php (73)
in C:\xampp\htdocs\webpp\index.php (13)
2014/08/13 06:01:15 [error] [exception.CDbException] exception 'CDbException' with message 'CDbCommand failed to execute the SQL statement: SQLSTATE[23000]: Integrity constraint violation: 1452 Cannot add or update a child row: a foreign key constraint fails (`webpp`.`news`, CONSTRAINT `news_ibfk_1` FOREIGN KEY (`id_admin`) REFERENCES `admin` (`id`) ON DELETE CASCADE ON UPDATE CASCADE). The SQL statement executed was: INSERT INTO `news` (`id`, `id_admin`, `judul`, `isi_berita`, `penulis`) VALUES (:yp0, :yp1, :yp2, :yp3, :yp4)' in C:\xampp\htdocs\installyii\framework\db\CDbCommand.php:358
Stack trace:
#0 C:\xampp\htdocs\installyii\framework\db\ar\CActiveRecord.php(1077): CDbCommand->execute()
#1 C:\xampp\htdocs\installyii\framework\db\ar\CActiveRecord.php(806): CActiveRecord->insert(NULL)
#2 C:\xampp\htdocs\webpp\protected\controllers\NewsController.php(73): CActiveRecord->save()
#3 C:\xampp\htdocs\installyii\framework\web\actions\CInlineAction.php(49): NewsController->actionCreate()
#4 C:\xampp\htdocs\installyii\framework\web\CController.php(308): CInlineAction->runWithParams(Array)
#5 C:\xampp\htdocs\installyii\framework\web\filters\CFilterChain.php(133): CController->runAction(Object(CInlineAction))
#6 C:\xampp\htdocs\installyii\framework\web\filters\CFilter.php(40): CFilterChain->run()
#7 C:\xampp\htdocs\installyii\framework\web\CController.php(1145): CFilter->filter(Object(CFilterChain))
#8 C:\xampp\htdocs\installyii\framework\web\filters\CInlineFilter.php(58): CController->filterAccessControl(Object(CFilterChain))
#9 C:\xampp\htdocs\installyii\framework\web\filters\CFilterChain.php(130): CInlineFilter->filter(Object(CFilterChain))
#10 C:\xampp\htdocs\installyii\framework\web\CController.php(291): CFilterChain->run()
#11 C:\xampp\htdocs\installyii\framework\web\CController.php(265): CController->runActionWithFilters(Object(CInlineAction), Array)
#12 C:\xampp\htdocs\installyii\framework\web\CWebApplication.php(282): CController->run('create')
#13 C:\xampp\htdocs\installyii\framework\web\CWebApplication.php(141): CWebApplication->runController('news/create')
#14 C:\xampp\htdocs\installyii\framework\base\CApplication.php(180): CWebApplication->processRequest()
#15 C:\xampp\htdocs\webpp\index.php(13): CApplication->run()
#16 {main}
REQUEST_URI=/webpp/index.php?r=news/create
HTTP_REFERER=http://localhost/webpp/index.php?r=news/create
---
2014/08/13 06:01:30 [error] [system.db.CDbCommand] CDbCommand::execute() failed: SQLSTATE[23000]: Integrity constraint violation: 1062 Duplicate entry '1' for key 'PRIMARY'. The SQL statement executed was: INSERT INTO `news` (`id`, `id_admin`, `judul`, `isi_berita`, `penulis`) VALUES (:yp0, :yp1, :yp2, :yp3, :yp4).
in C:\xampp\htdocs\webpp\protected\controllers\NewsController.php (73)
in C:\xampp\htdocs\webpp\index.php (13)
2014/08/13 06:01:30 [error] [exception.CDbException] exception 'CDbException' with message 'CDbCommand failed to execute the SQL statement: SQLSTATE[23000]: Integrity constraint violation: 1062 Duplicate entry '1' for key 'PRIMARY'. The SQL statement executed was: INSERT INTO `news` (`id`, `id_admin`, `judul`, `isi_berita`, `penulis`) VALUES (:yp0, :yp1, :yp2, :yp3, :yp4)' in C:\xampp\htdocs\installyii\framework\db\CDbCommand.php:358
Stack trace:
#0 C:\xampp\htdocs\installyii\framework\db\ar\CActiveRecord.php(1077): CDbCommand->execute()
#1 C:\xampp\htdocs\installyii\framework\db\ar\CActiveRecord.php(806): CActiveRecord->insert(NULL)
#2 C:\xampp\htdocs\webpp\protected\controllers\NewsController.php(73): CActiveRecord->save()
#3 C:\xampp\htdocs\installyii\framework\web\actions\CInlineAction.php(49): NewsController->actionCreate()
#4 C:\xampp\htdocs\installyii\framework\web\CController.php(308): CInlineAction->runWithParams(Array)
#5 C:\xampp\htdocs\installyii\framework\web\filters\CFilterChain.php(133): CController->runAction(Object(CInlineAction))
#6 C:\xampp\htdocs\installyii\framework\web\filters\CFilter.php(40): CFilterChain->run()
#7 C:\xampp\htdocs\installyii\framework\web\CController.php(1145): CFilter->filter(Object(CFilterChain))
#8 C:\xampp\htdocs\installyii\framework\web\filters\CInlineFilter.php(58): CController->filterAccessControl(Object(CFilterChain))
#9 C:\xampp\htdocs\installyii\framework\web\filters\CFilterChain.php(130): CInlineFilter->filter(Object(CFilterChain))
#10 C:\xampp\htdocs\installyii\framework\web\CController.php(291): CFilterChain->run()
#11 C:\xampp\htdocs\installyii\framework\web\CController.php(265): CController->runActionWithFilters(Object(CInlineAction), Array)
#12 C:\xampp\htdocs\installyii\framework\web\CWebApplication.php(282): CController->run('create')
#13 C:\xampp\htdocs\installyii\framework\web\CWebApplication.php(141): CWebApplication->runController('news/create')
#14 C:\xampp\htdocs\installyii\framework\base\CApplication.php(180): CWebApplication->processRequest()
#15 C:\xampp\htdocs\webpp\index.php(13): CApplication->run()
#16 {main}
REQUEST_URI=/webpp/index.php?r=news/create
HTTP_REFERER=http://localhost/webpp/index.php?r=news/create
---
2014/08/13 06:01:38 [error] [system.db.CDbCommand] CDbCommand::execute() failed: SQLSTATE[23000]: Integrity constraint violation: 1062 Duplicate entry '1' for key 'id_admin'. The SQL statement executed was: INSERT INTO `news` (`id`, `id_admin`, `judul`, `isi_berita`, `penulis`) VALUES (:yp0, :yp1, :yp2, :yp3, :yp4).
in C:\xampp\htdocs\webpp\protected\controllers\NewsController.php (73)
in C:\xampp\htdocs\webpp\index.php (13)
2014/08/13 06:01:38 [error] [exception.CDbException] exception 'CDbException' with message 'CDbCommand failed to execute the SQL statement: SQLSTATE[23000]: Integrity constraint violation: 1062 Duplicate entry '1' for key 'id_admin'. The SQL statement executed was: INSERT INTO `news` (`id`, `id_admin`, `judul`, `isi_berita`, `penulis`) VALUES (:yp0, :yp1, :yp2, :yp3, :yp4)' in C:\xampp\htdocs\installyii\framework\db\CDbCommand.php:358
Stack trace:
#0 C:\xampp\htdocs\installyii\framework\db\ar\CActiveRecord.php(1077): CDbCommand->execute()
#1 C:\xampp\htdocs\installyii\framework\db\ar\CActiveRecord.php(806): CActiveRecord->insert(NULL)
#2 C:\xampp\htdocs\webpp\protected\controllers\NewsController.php(73): CActiveRecord->save()
#3 C:\xampp\htdocs\installyii\framework\web\actions\CInlineAction.php(49): NewsController->actionCreate()
#4 C:\xampp\htdocs\installyii\framework\web\CController.php(308): CInlineAction->runWithParams(Array)
#5 C:\xampp\htdocs\installyii\framework\web\filters\CFilterChain.php(133): CController->runAction(Object(CInlineAction))
#6 C:\xampp\htdocs\installyii\framework\web\filters\CFilter.php(40): CFilterChain->run()
#7 C:\xampp\htdocs\installyii\framework\web\CController.php(1145): CFilter->filter(Object(CFilterChain))
#8 C:\xampp\htdocs\installyii\framework\web\filters\CInlineFilter.php(58): CController->filterAccessControl(Object(CFilterChain))
#9 C:\xampp\htdocs\installyii\framework\web\filters\CFilterChain.php(130): CInlineFilter->filter(Object(CFilterChain))
#10 C:\xampp\htdocs\installyii\framework\web\CController.php(291): CFilterChain->run()
#11 C:\xampp\htdocs\installyii\framework\web\CController.php(265): CController->runActionWithFilters(Object(CInlineAction), Array)
#12 C:\xampp\htdocs\installyii\framework\web\CWebApplication.php(282): CController->run('create')
#13 C:\xampp\htdocs\installyii\framework\web\CWebApplication.php(141): CWebApplication->runController('news/create')
#14 C:\xampp\htdocs\installyii\framework\base\CApplication.php(180): CWebApplication->processRequest()
#15 C:\xampp\htdocs\webpp\index.php(13): CApplication->run()
#16 {main}
REQUEST_URI=/webpp/index.php?r=news/create
HTTP_REFERER=http://localhost/webpp/index.php?r=news/create
---
2014/08/13 06:31:08 [error] [exception.CException] exception 'CException' with message 'ProyekController cannot find the requested view "admin".' in C:\xampp\htdocs\installyii\framework\web\CController.php:878
Stack trace:
#0 C:\xampp\htdocs\installyii\framework\web\CController.php(782): CController->renderPartial('admin', Array, true)
#1 C:\xampp\htdocs\webpp\protected\controllers\ProyekController.php(143): CController->render('admin', Array)
#2 C:\xampp\htdocs\installyii\framework\web\actions\CInlineAction.php(49): ProyekController->actionAdmin()
#3 C:\xampp\htdocs\installyii\framework\web\CController.php(308): CInlineAction->runWithParams(Array)
#4 C:\xampp\htdocs\installyii\framework\web\filters\CFilterChain.php(133): CController->runAction(Object(CInlineAction))
#5 C:\xampp\htdocs\installyii\framework\web\filters\CFilter.php(40): CFilterChain->run()
#6 C:\xampp\htdocs\installyii\framework\web\CController.php(1145): CFilter->filter(Object(CFilterChain))
#7 C:\xampp\htdocs\installyii\framework\web\filters\CInlineFilter.php(58): CController->filterAccessControl(Object(CFilterChain))
#8 C:\xampp\htdocs\installyii\framework\web\filters\CFilterChain.php(130): CInlineFilter->filter(Object(CFilterChain))
#9 C:\xampp\htdocs\installyii\framework\web\CController.php(291): CFilterChain->run()
#10 C:\xampp\htdocs\installyii\framework\web\CController.php(265): CController->runActionWithFilters(Object(CInlineAction), Array)
#11 C:\xampp\htdocs\installyii\framework\web\CWebApplication.php(282): CController->run('admin')
#12 C:\xampp\htdocs\installyii\framework\web\CWebApplication.php(141): CWebApplication->runController('proyek/admin')
#13 C:\xampp\htdocs\installyii\framework\base\CApplication.php(180): CWebApplication->processRequest()
#14 C:\xampp\htdocs\webpp\index.php(13): CApplication->run()
#15 {main}
REQUEST_URI=/webpp/index.php?r=proyek/admin
HTTP_REFERER=http://localhost/webpp/index.php?r=proyek/create
---
